
> radinha@0.0.0 dev
> vite --host 127.0.0.1 --port 4173


  [32m[1mVITE[22m v5.4.21[39m  [2mready in [0m[1m779[22m[2m[0m ms[22m

  [32m➜[39m  [1mLocal[22m:   [36mhttp://127.0.0.1:[1m4173[22m/[39m
[2m20:55:07[22m [36m[1m[vite][22m[39m [32mhmr update [39m[2m/src/components/LeadEvaluationForm.vue, /src/style.css[22m
[2m20:55:07[22m [36m[1m[vite][22m[39m [32mhmr update [39m[2m/src/components/LeadEvaluationForm.vue, /src/style.css[22m
[2m21:12:49[22m [36m[1m[vite][22m[39m [32mhmr update [39m[2m/src/style.css, /src/components/LeadEvaluationForm.vue[22m
[2m21:13:14[22m [36m[1m[vite][22m[39m [32mhmr update [39m[2m/src/style.css, /src/components/LeadEvaluationForm.vue[22m
[2m21:13:18[22m [36m[1m[vite][22m[39m [32mhmr update [39m[2m/src/style.css, /src/components/LeadEvaluationForm.vue[22m
[2m21:13:36[22m [36m[1m[vite][22m[39m [32mhmr update [39m[2m/src/style.css, /src/components/LeadEvaluationForm.vue[22m
[2m21:13:50[22m [36m[1m[vite][22m[39m [32mhmr update [39m[2m/src/style.css, /src/components/LeadEvaluationForm.vue[22m
[2m21:13:51[22m [36m[1m[vite][22m[39m [32mhmr update [39m[2m/src/style.css, /src/components/LeadEvaluationForm.vue[22m
[2m21:13:54[22m [36m[1m[vite][22m[39m [32mhmr update [39m[2m/src/style.css, /src/components/LeadEvaluationForm.vue[22m
[2m21:13:55[22m [36m[1m[vite][22m[39m [32mhmr update [39m[2m/src/style.css, /src/components/LeadEvaluationForm.vue[22m
[2m21:13:57[22m [36m[1m[vite][22m[39m [32mhmr update [39m[2m/src/style.css, /src/components/LeadEvaluationForm.vue[22m
[2m21:13:58[22m [36m[1m[vite][22m[39m [32mhmr update [39m[2m/src/style.css, /src/components/LeadEvaluationForm.vue[22m
[2m21:13:59[22m [36m[1m[vite][22m[39m [32mhmr update [39m[2m/src/style.css, /src/components/LeadEvaluationForm.vue[22m
[2m21:14:01[22m [36m[1m[vite][22m[39m [32mhmr update [39m[2m/src/style.css, /src/components/LeadEvaluationForm.vue[22m
[2m21:14:05[22m [36m[1m[vite][22m[39m [32mhmr update [39m[2m/src/style.css, /src/components/LeadEvaluationForm.vue[22m
[2m21:14:08[22m [36m[1m[vite][22m[39m [32mhmr update [39m[2m/src/style.css, /src/components/LeadEvaluationForm.vue[22m
[2m21:14:11[22m [36m[1m[vite][22m[39m [32mhmr update [39m[2m/src/style.css, /src/components/LeadEvaluationForm.vue[22m
[2m21:14:14[22m [36m[1m[vite][22m[39m [32mhmr update [39m[2m/src/style.css, /src/components/LeadEvaluationForm.vue[22m
[2m21:14:38[22m [36m[1m[vite][22m[39m [32mhmr update [39m[2m/src/style.css, /src/components/LeadEvaluationForm.vue[22m
[2m21:14:44[22m [36m[1m[vite][22m[39m [32mhmr update [39m[2m/src/style.css, /src/components/LeadEvaluationForm.vue[22m
[2m21:14:46[22m [36m[1m[vite][22m[39m [32mhmr update [39m[2m/src/style.css, /src/components/LeadEvaluationForm.vue[22m
[2m21:14:47[22m [36m[1m[vite][22m[39m [32mhmr update [39m[2m/src/style.css, /src/components/LeadEvaluationForm.vue[22m
[2m21:14:49[22m [36m[1m[vite][22m[39m [32mhmr update [39m[2m/src/style.css, /src/components/LeadEvaluationForm.vue[22m
[2m21:14:51[22m [36m[1m[vite][22m[39m [32mhmr update [39m[2m/src/style.css, /src/components/LeadEvaluationForm.vue[22m
[2m21:14:53[22m [36m[1m[vite][22m[39m [32mhmr update [39m[2m/src/style.css, /src/components/LeadEvaluationForm.vue[22m
[2m21:14:55[22m [36m[1m[vite][22m[39m [32mhmr update [39m[2m/src/style.css, /src/components/LeadEvaluationForm.vue[22m
[2m21:14:57[22m [36m[1m[vite][22m[39m [32mhmr update [39m[2m/src/style.css, /src/components/LeadEvaluationForm.vue[22m
[2m21:15:00[22m [36m[1m[vite][22m[39m [32mhmr update [39m[2m/src/style.css, /src/components/LeadEvaluationForm.vue[22m
[2m21:15:04[22m [36m[1m[vite][22m[39m [32mhmr update [39m[2m/src/style.css, /src/components/LeadEvaluationForm.vue[22m
[2m21:15:32[22m [36m[1m[vite][22m[39m [32mhmr update [39m[2m/src/style.css, /src/components/LeadEvaluationForm.vue[22m
[2m21:15:34[22m [36m[1m[vite][22m[39m [32mhmr update [39m[2m/src/style.css, /src/components/LeadEvaluationForm.vue[22m
[2m21:15:48[22m [36m[1m[vite][22m[39m [32mhmr update [39m[2m/src/style.css, /src/components/LeadEvaluationForm.vue[22m
[2m21:15:53[22m [36m[1m[vite][22m[39m [32mhmr update [39m[2m/src/style.css, /src/components/LeadEvaluationForm.vue[22m
[2m21:15:56[22m [36m[1m[vite][22m[39m [32mhmr update [39m[2m/src/style.css, /src/components/LeadEvaluationForm.vue[22m
[2m21:16:57[22m [36m[1m[vite][22m[39m [32mhmr update [39m[2m/src/style.css, /src/components/LeadEvaluationForm.vue[22m
[2m21:17:15[22m [36m[1m[vite][22m[39m [32mhmr update [39m[2m/src/style.css, /src/components/LeadEvaluationForm.vue[22m
[2m21:19:52[22m [36m[1m[vite][22m[39m [32mhmr update [39m[2m/src/style.css, /src/components/LeadEvaluationForm.vue[22m
[2m21:19:52[22m [36m[1m[vite][22m[39m [32mhmr update [39m[2m/src/App.vue, /src/style.css[22m
[2m21:19:52[22m [36m[1m[vite][22m[39m [32mhmr update [39m[2m/src/components/HeroSection.vue, /src/style.css[22m
[2m21:19:52[22m [36m[1m[vite][22m[39m [32mhmr update [39m[2m/src/components/LeadEvaluationForm.vue, /src/style.css[22m
[2m21:28:41[22m [36m[1m[vite][22m[39m [32mhmr update [39m[2m/src/style.css, /src/components/LeadEvaluationForm.vue[22m
[2m21:28:41[22m [36m[1m[vite][22m[39m [32mhmr update [39m[2m/src/style.css, /src/components/LeadEvaluationForm.vue[22m
[2m21:40:25[22m [36m[1m[vite][22m[39m [32mhmr update [39m[2m/src/components/LeadEvaluationForm.vue, /src/style.css[22m
[2m21:40:27[22m [36m[1m[vite][22m[39m [32mhmr update [39m[2m/src/components/LeadEvaluationForm.vue, /src/style.css[22m
